<?xml version="1.0" encoding="UTF-8"?>
<!-- Generated by org.testng.reporters.JUnitXMLReporter -->
<testsuite hostname="kindbring-lm" name="Test" tests="3" failures="0" timestamp="19 Aug 2016 22:08:35 GMT" time="0.04" errors="0">
  <testcase name="testReverseString" time="0.005" classname="com.myalgo.algorithm1.testReverseStringByChar"/>
  <testcase name="testReverseString" time="0.001" classname="com.myalgo.algorithm1.testReverseStringByChar"/>
  <testcase name="testReverseString" time="0.0" classname="com.myalgo.algorithm1.testReverseStringByChar"/>
</testsuite> <!-- Test -->
